[2024-04-11 13:59:05.747] [INFO ] [WorkerVerticle.java:21] Up 1
[2024-04-11 14:00:15.007] [ERROR] [ExecuteBlockingVerticle.java:35] Error occurred
[2024-04-11 14:00:28.291] [ERROR] [ExecuteBlockingVerticle.java:35] Error occurred
[2024-04-11 14:00:28.297] [ERROR] [ExecuteBlockingVerticle.java:55] Error occured {}
java.lang.InterruptedException: sleep interrupted
	at java.base/java.lang.Thread.sleep(Native Method)
	at org.example.Verticle.ExecuteBlockingVerticle.blockingCode(ExecuteBlockingVerticle.java:26)
	at io.vertx.core.impl.ContextImpl.lambda$executeBlocking$1(ContextImpl.java:191)
	at io.vertx.core.impl.ContextInternal.dispatch(ContextInternal.java:279)
	at io.vertx.core.impl.ContextImpl.lambda$internalExecuteBlocking$2(ContextImpl.java:210)
	at io.vertx.core.impl.TaskQueue.run(TaskQueue.java:76)
	at java.base/java.util.concurrent.ThreadPoolExecutor.runWorker(ThreadPoolExecutor.java:1136)
	at java.base/java.util.concurrent.ThreadPoolExecutor$Worker.run(ThreadPoolExecutor.java:635)
	at io.netty.util.concurrent.FastThreadLocalRunnable.run(FastThreadLocalRunnable.java:30)
	at java.base/java.lang.Thread.run(Thread.java:840)
[2024-04-11 14:07:09.671] [INFO ] [ExecuteBlockingVerticle.java:28] Done
[2024-04-11 14:07:09.701] [INFO ] [ExecuteBlockingVerticle.java:49] Blocking code result Ok!
[2024-04-11 14:07:14.662] [INFO ] [ExecuteBlockingVerticle.java:28] Done
[2024-04-11 14:07:14.663] [INFO ] [ExecuteBlockingVerticle.java:49] Blocking code result Ok!
[2024-04-11 14:07:19.663] [INFO ] [ExecuteBlockingVerticle.java:28] Done
[2024-04-11 14:07:19.665] [INFO ] [ExecuteBlockingVerticle.java:49] Blocking code result Ok!
[2024-04-11 14:07:24.662] [INFO ] [ExecuteBlockingVerticle.java:28] Done
[2024-04-11 14:07:24.664] [INFO ] [ExecuteBlockingVerticle.java:49] Blocking code result Ok!
[2024-04-11 14:07:55.847] [INFO ] [WorkerVerticle.java:21] Up 1
[2024-04-11 14:07:55.847] [INFO ] [WorkerVerticle.java:21] Up 2
[2024-04-11 14:07:58.871] [INFO ] [ExecuteBlockingVerticle.java:28] Done
[2024-04-11 14:07:58.872] [INFO ] [ExecuteBlockingVerticle.java:49] Blocking code result Ok!
[2024-04-11 14:08:00.838] [INFO ] [WorkerVerticle.java:21] Up 1
[2024-04-11 14:08:00.839] [INFO ] [WorkerVerticle.java:21] Up 2
[2024-04-11 14:08:03.862] [INFO ] [ExecuteBlockingVerticle.java:28] Done
[2024-04-11 14:08:03.865] [INFO ] [ExecuteBlockingVerticle.java:49] Blocking code result Ok!
[2024-04-11 14:08:05.840] [INFO ] [WorkerVerticle.java:21] Up 2
[2024-04-11 14:08:05.841] [INFO ] [WorkerVerticle.java:21] Up 1
[2024-04-11 14:25:11.442] [INFO ] [WorkerVerticle.java:21] Up 2
[2024-04-11 14:25:11.442] [INFO ] [WorkerVerticle.java:21] Up 1
[2024-04-11 14:25:16.434] [INFO ] [WorkerVerticle.java:21] Up 1
[2024-04-11 14:25:16.435] [INFO ] [WorkerVerticle.java:21] Up 2
[2024-04-11 14:25:41.275] [INFO ] [WorkerVerticle.java:21] Up 2
[2024-04-11 14:25:41.275] [INFO ] [WorkerVerticle.java:21] Up 1
[2024-04-11 14:25:46.265] [INFO ] [WorkerVerticle.java:21] Up 1
[2024-04-11 14:25:46.270] [INFO ] [WorkerVerticle.java:21] Up 2
[2024-04-11 14:25:51.266] [INFO ] [WorkerVerticle.java:21] Up 1
[2024-04-11 14:25:51.270] [INFO ] [WorkerVerticle.java:21] Up 2
[2024-04-11 14:25:56.266] [INFO ] [WorkerVerticle.java:21] Up 1
[2024-04-11 14:25:56.270] [INFO ] [WorkerVerticle.java:21] Up 2
[2024-04-11 14:28:22.144] [INFO ] [WorkerVerticle.java:21] Up 2
[2024-04-11 14:28:22.144] [INFO ] [WorkerVerticle.java:21] Up 1
[2024-04-11 14:28:27.138] [INFO ] [WorkerVerticle.java:21] Up 1
[2024-04-11 14:28:27.138] [INFO ] [WorkerVerticle.java:21] Up 2
[2024-04-11 14:30:32.130] [INFO ] [WorkerVerticle.java:21] Up 2
[2024-04-11 14:30:32.129] [INFO ] [WorkerVerticle.java:21] Up 1
[2024-04-11 14:30:37.124] [INFO ] [WorkerVerticle.java:21] Up 1
[2024-04-11 14:30:37.129] [INFO ] [WorkerVerticle.java:21] Up 2
[2024-04-11 14:30:42.125] [INFO ] [WorkerVerticle.java:21] Up 1
[2024-04-11 14:30:42.130] [INFO ] [WorkerVerticle.java:21] Up 2
[2024-04-11 14:30:47.122] [INFO ] [WorkerVerticle.java:21] Up 1
[2024-04-11 14:30:47.132] [INFO ] [WorkerVerticle.java:21] Up 2
[2024-04-11 14:30:52.125] [INFO ] [WorkerVerticle.java:21] Up 1
[2024-04-11 14:30:52.131] [INFO ] [WorkerVerticle.java:21] Up 2
[2024-04-11 14:30:57.121] [INFO ] [WorkerVerticle.java:21] Up 1
[2024-04-11 14:30:57.129] [INFO ] [WorkerVerticle.java:21] Up 2
[2024-04-11 14:31:02.122] [INFO ] [WorkerVerticle.java:21] Up 1
[2024-04-11 14:31:02.154] [INFO ] [WorkerVerticle.java:21] Up 2
[2024-04-11 14:31:07.124] [INFO ] [WorkerVerticle.java:21] Up 1
[2024-04-11 14:31:07.130] [INFO ] [WorkerVerticle.java:21] Up 2
[2024-04-11 14:31:12.121] [INFO ] [WorkerVerticle.java:21] Up 1
[2024-04-11 14:31:12.129] [INFO ] [WorkerVerticle.java:21] Up 2
[2024-04-11 14:31:17.121] [INFO ] [WorkerVerticle.java:21] Up 1
[2024-04-11 14:31:17.129] [INFO ] [WorkerVerticle.java:21] Up 2
[2024-04-11 14:31:32.254] [INFO ] [WorkerVerticle.java:21] Up 1
[2024-04-11 14:31:32.254] [INFO ] [WorkerVerticle.java:21] Up 2
[2024-04-11 14:31:37.243] [INFO ] [WorkerVerticle.java:21] Up 1
[2024-04-11 14:31:37.245] [INFO ] [WorkerVerticle.java:21] Up 2
[2024-04-11 14:31:42.247] [INFO ] [WorkerVerticle.java:21] Up 2
[2024-04-11 14:31:42.247] [INFO ] [WorkerVerticle.java:21] Up 1
[2024-04-11 14:31:47.247] [INFO ] [WorkerVerticle.java:21] Up 1
[2024-04-11 14:31:47.247] [INFO ] [WorkerVerticle.java:21] Up 2
[2024-04-11 14:31:52.247] [INFO ] [WorkerVerticle.java:21] Up 1
[2024-04-11 14:31:52.248] [INFO ] [WorkerVerticle.java:21] Up 2
[2024-04-11 14:31:57.255] [INFO ] [WorkerVerticle.java:21] Up 1
[2024-04-11 14:31:57.255] [INFO ] [WorkerVerticle.java:21] Up 2
[2024-04-11 14:32:02.248] [INFO ] [WorkerVerticle.java:21] Up 1
[2024-04-11 14:32:02.248] [INFO ] [WorkerVerticle.java:21] Up 2
[2024-04-11 14:32:07.247] [INFO ] [WorkerVerticle.java:21] Up 1
[2024-04-11 14:32:07.248] [INFO ] [WorkerVerticle.java:21] Up 2
[2024-04-11 14:32:12.247] [INFO ] [WorkerVerticle.java:21] Up 2
[2024-04-11 14:32:12.247] [INFO ] [WorkerVerticle.java:21] Up 1
[2024-04-11 14:32:17.245] [INFO ] [WorkerVerticle.java:21] Up 2
[2024-04-11 14:32:17.245] [INFO ] [WorkerVerticle.java:21] Up 1
[2024-04-11 14:32:22.242] [INFO ] [WorkerVerticle.java:21] Up 1
[2024-04-11 14:32:22.247] [INFO ] [WorkerVerticle.java:21] Up 2
[2024-04-11 14:32:27.246] [INFO ] [WorkerVerticle.java:21] Up 2
[2024-04-11 14:32:27.246] [INFO ] [WorkerVerticle.java:21] Up 1
[2024-04-11 14:32:32.243] [INFO ] [WorkerVerticle.java:21] Up 2
[2024-04-11 14:32:32.245] [INFO ] [WorkerVerticle.java:21] Up 1
[2024-04-11 14:32:37.245] [INFO ] [WorkerVerticle.java:21] Up 2
[2024-04-11 14:32:37.245] [INFO ] [WorkerVerticle.java:21] Up 1
[2024-04-11 14:32:42.241] [INFO ] [WorkerVerticle.java:21] Up 1
[2024-04-11 14:32:42.247] [INFO ] [WorkerVerticle.java:21] Up 2
[2024-04-11 14:32:47.245] [INFO ] [WorkerVerticle.java:21] Up 1
[2024-04-11 14:32:47.245] [INFO ] [WorkerVerticle.java:21] Up 2
[2024-04-11 14:32:52.245] [INFO ] [WorkerVerticle.java:21] Up 1
[2024-04-11 14:32:52.247] [INFO ] [WorkerVerticle.java:21] Up 2
[2024-04-11 14:32:57.245] [INFO ] [WorkerVerticle.java:21] Up 2
[2024-04-11 14:32:57.245] [INFO ] [WorkerVerticle.java:21] Up 1
[2024-04-11 14:33:02.245] [INFO ] [WorkerVerticle.java:21] Up 1
[2024-04-11 14:33:02.245] [INFO ] [WorkerVerticle.java:21] Up 2
[2024-04-11 14:33:07.246] [INFO ] [WorkerVerticle.java:21] Up 1
[2024-04-11 14:33:07.247] [INFO ] [WorkerVerticle.java:21] Up 2
[2024-04-11 14:33:12.245] [INFO ] [WorkerVerticle.java:21] Up 1
[2024-04-11 14:33:12.245] [INFO ] [WorkerVerticle.java:21] Up 2
[2024-04-11 14:33:17.245] [INFO ] [WorkerVerticle.java:21] Up 1
[2024-04-11 14:33:17.246] [INFO ] [WorkerVerticle.java:21] Up 2
[2024-04-11 14:33:22.244] [INFO ] [WorkerVerticle.java:21] Up 2
[2024-04-11 14:33:22.244] [INFO ] [WorkerVerticle.java:21] Up 1
[2024-04-11 14:33:27.245] [INFO ] [WorkerVerticle.java:21] Up 1
[2024-04-11 14:33:27.247] [INFO ] [WorkerVerticle.java:21] Up 2
[2024-04-11 14:33:32.245] [INFO ] [WorkerVerticle.java:21] Up 2
[2024-04-11 14:33:32.245] [INFO ] [WorkerVerticle.java:21] Up 1
[2024-04-11 14:33:37.245] [INFO ] [WorkerVerticle.java:21] Up 2
[2024-04-11 14:33:37.245] [INFO ] [WorkerVerticle.java:21] Up 1
[2024-04-11 14:33:42.245] [INFO ] [WorkerVerticle.java:21] Up 2
[2024-04-11 14:33:42.245] [INFO ] [WorkerVerticle.java:21] Up 1
[2024-04-11 14:33:47.245] [INFO ] [WorkerVerticle.java:21] Up 1
[2024-04-11 14:33:47.247] [INFO ] [WorkerVerticle.java:21] Up 2
[2024-04-11 14:33:52.245] [INFO ] [WorkerVerticle.java:21] Up 1
[2024-04-11 14:33:52.245] [INFO ] [WorkerVerticle.java:21] Up 2
[2024-04-11 14:33:57.245] [INFO ] [WorkerVerticle.java:21] Up 1
[2024-04-11 14:33:57.247] [INFO ] [WorkerVerticle.java:21] Up 2
[2024-04-11 14:34:02.245] [INFO ] [WorkerVerticle.java:21] Up 1
[2024-04-11 14:34:02.247] [INFO ] [WorkerVerticle.java:21] Up 2
[2024-04-11 14:34:07.245] [INFO ] [WorkerVerticle.java:21] Up 1
[2024-04-11 14:34:07.247] [INFO ] [WorkerVerticle.java:21] Up 2
[2024-04-11 14:34:12.245] [INFO ] [WorkerVerticle.java:21] Up 1
[2024-04-11 14:34:12.245] [INFO ] [WorkerVerticle.java:21] Up 2
[2024-04-11 14:34:17.245] [INFO ] [WorkerVerticle.java:21] Up 2
[2024-04-11 14:34:17.245] [INFO ] [WorkerVerticle.java:21] Up 1
[2024-04-11 14:34:22.245] [INFO ] [WorkerVerticle.java:21] Up 1
[2024-04-11 14:34:22.245] [INFO ] [WorkerVerticle.java:21] Up 2
[2024-04-11 14:34:27.245] [INFO ] [WorkerVerticle.java:21] Up 1
[2024-04-11 14:34:27.246] [INFO ] [WorkerVerticle.java:21] Up 2
[2024-04-11 14:34:32.244] [INFO ] [WorkerVerticle.java:21] Up 1
[2024-04-11 14:34:32.245] [INFO ] [WorkerVerticle.java:21] Up 2
[2024-04-11 14:34:37.245] [INFO ] [WorkerVerticle.java:21] Up 1
[2024-04-11 14:34:37.245] [INFO ] [WorkerVerticle.java:21] Up 2
[2024-04-11 14:34:42.245] [INFO ] [WorkerVerticle.java:21] Up 2
[2024-04-11 14:34:42.245] [INFO ] [WorkerVerticle.java:21] Up 1
[2024-04-11 14:34:47.244] [INFO ] [WorkerVerticle.java:21] Up 1
[2024-04-11 14:34:47.244] [INFO ] [WorkerVerticle.java:21] Up 2
[2024-04-11 14:34:52.244] [INFO ] [WorkerVerticle.java:21] Up 2
[2024-04-11 14:34:52.245] [INFO ] [WorkerVerticle.java:21] Up 1
[2024-04-11 14:34:57.244] [INFO ] [WorkerVerticle.java:21] Up 1
[2024-04-11 14:34:57.245] [INFO ] [WorkerVerticle.java:21] Up 2
[2024-04-11 14:35:02.245] [INFO ] [WorkerVerticle.java:21] Up 2
[2024-04-11 14:35:02.245] [INFO ] [WorkerVerticle.java:21] Up 1
[2024-04-11 14:35:07.244] [INFO ] [WorkerVerticle.java:21] Up 1
[2024-04-11 14:35:07.247] [INFO ] [WorkerVerticle.java:21] Up 2
[2024-04-11 14:35:12.243] [INFO ] [WorkerVerticle.java:21] Up 1
[2024-04-11 14:35:12.247] [INFO ] [WorkerVerticle.java:21] Up 2
[2024-04-11 14:35:17.245] [INFO ] [WorkerVerticle.java:21] Up 2
[2024-04-11 14:35:17.245] [INFO ] [WorkerVerticle.java:21] Up 1
[2024-04-11 14:35:22.245] [INFO ] [WorkerVerticle.java:21] Up 1
[2024-04-11 14:35:22.246] [INFO ] [WorkerVerticle.java:21] Up 2
[2024-04-11 14:35:27.245] [INFO ] [WorkerVerticle.java:21] Up 1
[2024-04-11 14:35:27.245] [INFO ] [WorkerVerticle.java:21] Up 2
[2024-04-11 14:35:32.245] [INFO ] [WorkerVerticle.java:21] Up 1
[2024-04-11 14:35:32.245] [INFO ] [WorkerVerticle.java:21] Up 2
[2024-04-11 14:35:37.245] [INFO ] [WorkerVerticle.java:21] Up 1
[2024-04-11 14:35:37.246] [INFO ] [WorkerVerticle.java:21] Up 2
[2024-04-11 14:35:42.244] [INFO ] [WorkerVerticle.java:21] Up 2
[2024-04-11 14:35:42.244] [INFO ] [WorkerVerticle.java:21] Up 1
[2024-04-11 14:35:47.245] [INFO ] [WorkerVerticle.java:21] Up 1
[2024-04-11 14:35:47.245] [INFO ] [WorkerVerticle.java:21] Up 2
[2024-04-11 14:35:52.245] [INFO ] [WorkerVerticle.java:21] Up 1
[2024-04-11 14:35:52.246] [INFO ] [WorkerVerticle.java:21] Up 2
[2024-04-11 14:35:57.245] [INFO ] [WorkerVerticle.java:21] Up 1
[2024-04-11 14:35:57.245] [INFO ] [WorkerVerticle.java:21] Up 2
[2024-04-11 14:36:02.245] [INFO ] [WorkerVerticle.java:21] Up 2
[2024-04-11 14:36:02.245] [INFO ] [WorkerVerticle.java:21] Up 1
[2024-04-11 14:36:07.244] [INFO ] [WorkerVerticle.java:21] Up 2
[2024-04-11 14:36:07.245] [INFO ] [WorkerVerticle.java:21] Up 1
[2024-04-11 14:36:12.245] [INFO ] [WorkerVerticle.java:21] Up 2
[2024-04-11 14:36:12.245] [INFO ] [WorkerVerticle.java:21] Up 1
[2024-04-11 14:36:17.245] [INFO ] [WorkerVerticle.java:21] Up 2
[2024-04-11 14:36:17.245] [INFO ] [WorkerVerticle.java:21] Up 1
[2024-04-11 14:36:22.244] [INFO ] [WorkerVerticle.java:21] Up 1
[2024-04-11 14:36:22.247] [INFO ] [WorkerVerticle.java:21] Up 2
[2024-04-11 14:36:27.245] [INFO ] [WorkerVerticle.java:21] Up 2
[2024-04-11 14:36:27.244] [INFO ] [WorkerVerticle.java:21] Up 1
[2024-04-11 14:36:32.244] [INFO ] [WorkerVerticle.java:21] Up 1
[2024-04-11 14:36:32.245] [INFO ] [WorkerVerticle.java:21] Up 2
[2024-04-11 14:36:37.244] [INFO ] [WorkerVerticle.java:21] Up 1
[2024-04-11 14:36:37.244] [INFO ] [WorkerVerticle.java:21] Up 2
[2024-04-11 14:36:42.245] [INFO ] [WorkerVerticle.java:21] Up 1
[2024-04-11 14:36:42.247] [INFO ] [WorkerVerticle.java:21] Up 2
[2024-04-11 14:36:47.245] [INFO ] [WorkerVerticle.java:21] Up 2
[2024-04-11 14:36:47.245] [INFO ] [WorkerVerticle.java:21] Up 1
[2024-04-11 14:36:52.244] [INFO ] [WorkerVerticle.java:21] Up 1
[2024-04-11 14:36:52.245] [INFO ] [WorkerVerticle.java:21] Up 2
[2024-04-11 14:36:57.245] [INFO ] [WorkerVerticle.java:21] Up 1
[2024-04-11 14:36:57.245] [INFO ] [WorkerVerticle.java:21] Up 2
[2024-04-11 14:37:02.245] [INFO ] [WorkerVerticle.java:21] Up 1
[2024-04-11 14:37:02.245] [INFO ] [WorkerVerticle.java:21] Up 2
[2024-04-11 14:37:07.245] [INFO ] [WorkerVerticle.java:21] Up 1
[2024-04-11 14:37:07.247] [INFO ] [WorkerVerticle.java:21] Up 2
[2024-04-11 14:37:12.245] [INFO ] [WorkerVerticle.java:21] Up 1
[2024-04-11 14:37:12.247] [INFO ] [WorkerVerticle.java:21] Up 2
[2024-04-11 14:37:17.245] [INFO ] [WorkerVerticle.java:21] Up 1
[2024-04-11 14:37:17.246] [INFO ] [WorkerVerticle.java:21] Up 2
[2024-04-11 14:37:22.245] [INFO ] [WorkerVerticle.java:21] Up 1
[2024-04-11 14:37:22.246] [INFO ] [WorkerVerticle.java:21] Up 2
[2024-04-11 14:37:27.244] [INFO ] [WorkerVerticle.java:21] Up 1
[2024-04-11 14:37:27.246] [INFO ] [WorkerVerticle.java:21] Up 2
[2024-04-11 14:37:32.245] [INFO ] [WorkerVerticle.java:21] Up 1
[2024-04-11 14:37:32.247] [INFO ] [WorkerVerticle.java:21] Up 2
[2024-04-11 14:37:37.245] [INFO ] [WorkerVerticle.java:21] Up 1
[2024-04-11 14:37:37.246] [INFO ] [WorkerVerticle.java:21] Up 2
[2024-04-11 14:37:42.245] [INFO ] [WorkerVerticle.java:21] Up 1
[2024-04-11 14:37:42.247] [INFO ] [WorkerVerticle.java:21] Up 2
[2024-04-11 14:37:47.245] [INFO ] [WorkerVerticle.java:21] Up 1
[2024-04-11 14:37:47.246] [INFO ] [WorkerVerticle.java:21] Up 2
[2024-04-11 14:37:52.245] [INFO ] [WorkerVerticle.java:21] Up 1
[2024-04-11 14:37:52.246] [INFO ] [WorkerVerticle.java:21] Up 2
[2024-04-11 14:37:57.245] [INFO ] [WorkerVerticle.java:21] Up 1
[2024-04-11 14:37:57.245] [INFO ] [WorkerVerticle.java:21] Up 2
[2024-04-11 14:38:02.245] [INFO ] [WorkerVerticle.java:21] Up 1
[2024-04-11 14:38:02.245] [INFO ] [WorkerVerticle.java:21] Up 2
[2024-04-11 14:38:07.245] [INFO ] [WorkerVerticle.java:21] Up 1
[2024-04-11 14:38:07.245] [INFO ] [WorkerVerticle.java:21] Up 2
[2024-04-11 14:38:12.244] [INFO ] [WorkerVerticle.java:21] Up 2
[2024-04-11 14:38:12.244] [INFO ] [WorkerVerticle.java:21] Up 1
[2024-04-11 14:38:17.245] [INFO ] [WorkerVerticle.java:21] Up 1
[2024-04-11 14:38:17.247] [INFO ] [WorkerVerticle.java:21] Up 2
[2024-04-11 14:38:22.245] [INFO ] [WorkerVerticle.java:21] Up 1
[2024-04-11 14:38:22.245] [INFO ] [WorkerVerticle.java:21] Up 2
[2024-04-11 14:38:27.244] [INFO ] [WorkerVerticle.java:21] Up 2
[2024-04-11 14:38:27.245] [INFO ] [WorkerVerticle.java:21] Up 1
[2024-04-11 14:38:32.244] [INFO ] [WorkerVerticle.java:21] Up 2
[2024-04-11 14:38:32.244] [INFO ] [WorkerVerticle.java:21] Up 1
[2024-04-11 14:38:37.245] [INFO ] [WorkerVerticle.java:21] Up 1
[2024-04-11 14:38:37.247] [INFO ] [WorkerVerticle.java:21] Up 2
[2024-04-11 14:38:42.245] [INFO ] [WorkerVerticle.java:21] Up 1
[2024-04-11 14:38:42.246] [INFO ] [WorkerVerticle.java:21] Up 2
[2024-04-11 14:38:47.240] [INFO ] [WorkerVerticle.java:21] Up 1
[2024-04-11 14:38:47.247] [INFO ] [WorkerVerticle.java:21] Up 2
[2024-04-11 14:38:52.245] [INFO ] [WorkerVerticle.java:21] Up 1
[2024-04-11 14:38:52.245] [INFO ] [WorkerVerticle.java:21] Up 2
[2024-04-11 14:38:57.245] [INFO ] [WorkerVerticle.java:21] Up 1
[2024-04-11 14:38:57.245] [INFO ] [WorkerVerticle.java:21] Up 2
[2024-04-11 14:39:02.245] [INFO ] [WorkerVerticle.java:21] Up 2
[2024-04-11 14:39:02.245] [INFO ] [WorkerVerticle.java:21] Up 1
[2024-04-11 14:39:07.245] [INFO ] [WorkerVerticle.java:21] Up 1
[2024-04-11 14:39:07.247] [INFO ] [WorkerVerticle.java:21] Up 2
[2024-04-11 14:39:12.242] [INFO ] [WorkerVerticle.java:21] Up 2
[2024-04-11 14:39:12.245] [INFO ] [WorkerVerticle.java:21] Up 1
[2024-04-11 14:39:17.245] [INFO ] [WorkerVerticle.java:21] Up 1
[2024-04-11 14:39:17.245] [INFO ] [WorkerVerticle.java:21] Up 2
[2024-04-11 14:39:22.245] [INFO ] [WorkerVerticle.java:21] Up 2
[2024-04-11 14:39:22.245] [INFO ] [WorkerVerticle.java:21] Up 1
[2024-04-11 14:39:27.244] [INFO ] [WorkerVerticle.java:21] Up 2
[2024-04-11 14:39:27.244] [INFO ] [WorkerVerticle.java:21] Up 1
[2024-04-11 14:39:32.244] [INFO ] [WorkerVerticle.java:21] Up 2
[2024-04-11 14:39:32.245] [INFO ] [WorkerVerticle.java:21] Up 1
[2024-04-11 14:39:37.245] [INFO ] [WorkerVerticle.java:21] Up 1
[2024-04-11 14:39:37.247] [INFO ] [WorkerVerticle.java:21] Up 2
[2024-04-11 14:39:42.244] [INFO ] [WorkerVerticle.java:21] Up 2
[2024-04-11 14:39:42.245] [INFO ] [WorkerVerticle.java:21] Up 1
[2024-04-11 14:39:47.242] [INFO ] [WorkerVerticle.java:21] Up 1
[2024-04-11 14:39:47.245] [INFO ] [WorkerVerticle.java:21] Up 2
[2024-04-11 14:39:52.245] [INFO ] [WorkerVerticle.java:21] Up 1
[2024-04-11 14:39:52.245] [INFO ] [WorkerVerticle.java:21] Up 2
[2024-04-11 14:39:57.244] [INFO ] [WorkerVerticle.java:21] Up 1
[2024-04-11 14:39:57.244] [INFO ] [WorkerVerticle.java:21] Up 2
[2024-04-11 14:40:02.245] [INFO ] [WorkerVerticle.java:21] Up 1
[2024-04-11 14:40:02.245] [INFO ] [WorkerVerticle.java:21] Up 2
[2024-04-11 14:40:07.243] [INFO ] [WorkerVerticle.java:21] Up 1
[2024-04-11 14:40:07.245] [INFO ] [WorkerVerticle.java:21] Up 2
[2024-04-11 14:40:12.244] [INFO ] [WorkerVerticle.java:21] Up 1
[2024-04-11 14:40:12.246] [INFO ] [WorkerVerticle.java:21] Up 2
[2024-04-11 14:40:17.245] [INFO ] [WorkerVerticle.java:21] Up 1
[2024-04-11 14:40:17.247] [INFO ] [WorkerVerticle.java:21] Up 2
[2024-04-11 14:40:22.245] [INFO ] [WorkerVerticle.java:21] Up 1
[2024-04-11 14:40:22.245] [INFO ] [WorkerVerticle.java:21] Up 2
[2024-04-11 14:40:27.245] [INFO ] [WorkerVerticle.java:21] Up 1
[2024-04-11 14:40:27.247] [INFO ] [WorkerVerticle.java:21] Up 2
[2024-04-11 14:40:32.245] [INFO ] [WorkerVerticle.java:21] Up 1
[2024-04-11 14:40:32.245] [INFO ] [WorkerVerticle.java:21] Up 2
[2024-04-11 14:40:37.245] [INFO ] [WorkerVerticle.java:21] Up 2
[2024-04-11 14:40:37.245] [INFO ] [WorkerVerticle.java:21] Up 1
[2024-04-11 14:40:42.245] [INFO ] [WorkerVerticle.java:21] Up 1
[2024-04-11 14:40:42.246] [INFO ] [WorkerVerticle.java:21] Up 2
[2024-04-11 14:40:47.245] [INFO ] [WorkerVerticle.java:21] Up 1
[2024-04-11 14:40:47.246] [INFO ] [WorkerVerticle.java:21] Up 2
[2024-04-11 14:40:52.244] [INFO ] [WorkerVerticle.java:21] Up 1
[2024-04-11 14:40:52.247] [INFO ] [WorkerVerticle.java:21] Up 2
[2024-04-11 14:40:57.244] [INFO ] [WorkerVerticle.java:21] Up 2
[2024-04-11 14:40:57.244] [INFO ] [WorkerVerticle.java:21] Up 1
[2024-04-11 14:41:02.245] [INFO ] [WorkerVerticle.java:21] Up 2
[2024-04-11 14:41:02.245] [INFO ] [WorkerVerticle.java:21] Up 1
[2024-04-11 14:41:07.242] [INFO ] [WorkerVerticle.java:21] Up 1
[2024-04-11 14:41:07.244] [INFO ] [WorkerVerticle.java:21] Up 2
[2024-04-11 14:41:12.244] [INFO ] [WorkerVerticle.java:21] Up 1
[2024-04-11 14:41:12.246] [INFO ] [WorkerVerticle.java:21] Up 2
[2024-04-11 14:41:17.245] [INFO ] [WorkerVerticle.java:21] Up 1
[2024-04-11 14:41:17.247] [INFO ] [WorkerVerticle.java:21] Up 2
[2024-04-11 14:41:22.245] [INFO ] [WorkerVerticle.java:21] Up 1
[2024-04-11 14:41:22.245] [INFO ] [WorkerVerticle.java:21] Up 2
[2024-04-11 14:41:27.244] [INFO ] [WorkerVerticle.java:21] Up 2
[2024-04-11 14:41:27.244] [INFO ] [WorkerVerticle.java:21] Up 1
[2024-04-11 14:41:32.243] [INFO ] [WorkerVerticle.java:21] Up 2
[2024-04-11 14:41:32.244] [INFO ] [WorkerVerticle.java:21] Up 1
[2024-04-11 14:41:37.245] [INFO ] [WorkerVerticle.java:21] Up 1
[2024-04-11 14:41:37.245] [INFO ] [WorkerVerticle.java:21] Up 2
[2024-04-11 14:41:42.244] [INFO ] [WorkerVerticle.java:21] Up 1
[2024-04-11 14:41:42.245] [INFO ] [WorkerVerticle.java:21] Up 2
[2024-04-11 14:41:47.245] [INFO ] [WorkerVerticle.java:21] Up 1
[2024-04-11 14:41:47.246] [INFO ] [WorkerVerticle.java:21] Up 2
[2024-04-11 14:41:52.245] [INFO ] [WorkerVerticle.java:21] Up 2
[2024-04-11 14:41:52.245] [INFO ] [WorkerVerticle.java:21] Up 1
[2024-04-11 14:41:57.245] [INFO ] [WorkerVerticle.java:21] Up 1
[2024-04-11 14:41:57.247] [INFO ] [WorkerVerticle.java:21] Up 2
[2024-04-11 14:42:02.245] [INFO ] [WorkerVerticle.java:21] Up 1
[2024-04-11 14:42:02.246] [INFO ] [WorkerVerticle.java:21] Up 2
[2024-04-11 14:42:07.245] [INFO ] [WorkerVerticle.java:21] Up 2
[2024-04-11 14:42:07.245] [INFO ] [WorkerVerticle.java:21] Up 1
[2024-04-11 14:42:12.245] [INFO ] [WorkerVerticle.java:21] Up 1
[2024-04-11 14:42:12.247] [INFO ] [WorkerVerticle.java:21] Up 2
[2024-04-11 14:42:17.244] [INFO ] [WorkerVerticle.java:21] Up 2
[2024-04-11 14:42:17.244] [INFO ] [WorkerVerticle.java:21] Up 1
[2024-04-11 14:42:22.245] [INFO ] [WorkerVerticle.java:21] Up 1
[2024-04-11 14:42:22.245] [INFO ] [WorkerVerticle.java:21] Up 2
[2024-04-11 14:42:27.243] [INFO ] [WorkerVerticle.java:21] Up 1
[2024-04-11 14:42:27.247] [INFO ] [WorkerVerticle.java:21] Up 2
[2024-04-11 14:42:32.245] [INFO ] [WorkerVerticle.java:21] Up 1
[2024-04-11 14:42:32.247] [INFO ] [WorkerVerticle.java:21] Up 2
[2024-04-11 14:42:37.245] [INFO ] [WorkerVerticle.java:21] Up 1
[2024-04-11 14:42:37.247] [INFO ] [WorkerVerticle.java:21] Up 2
[2024-04-11 14:42:42.245] [INFO ] [WorkerVerticle.java:21] Up 2
[2024-04-11 14:42:42.245] [INFO ] [WorkerVerticle.java:21] Up 1
[2024-04-11 14:42:47.245] [INFO ] [WorkerVerticle.java:21] Up 1
[2024-04-11 14:42:47.247] [INFO ] [WorkerVerticle.java:21] Up 2
[2024-04-11 14:42:52.245] [INFO ] [WorkerVerticle.java:21] Up 2
[2024-04-11 14:42:52.245] [INFO ] [WorkerVerticle.java:21] Up 1
[2024-04-11 14:42:57.246] [INFO ] [WorkerVerticle.java:21] Up 1
[2024-04-11 14:42:57.246] [INFO ] [WorkerVerticle.java:21] Up 2
[2024-04-11 14:43:02.245] [INFO ] [WorkerVerticle.java:21] Up 1
[2024-04-11 14:43:02.246] [INFO ] [WorkerVerticle.java:21] Up 2
[2024-04-11 14:43:07.244] [INFO ] [WorkerVerticle.java:21] Up 1
[2024-04-11 14:43:07.245] [INFO ] [WorkerVerticle.java:21] Up 2
[2024-04-11 14:43:12.243] [INFO ] [WorkerVerticle.java:21] Up 2
[2024-04-11 14:43:12.244] [INFO ] [WorkerVerticle.java:21] Up 1
[2024-04-11 14:43:17.245] [INFO ] [WorkerVerticle.java:21] Up 1
[2024-04-11 14:43:17.246] [INFO ] [WorkerVerticle.java:21] Up 2
[2024-04-11 14:43:22.243] [INFO ] [WorkerVerticle.java:21] Up 2
[2024-04-11 14:43:22.244] [INFO ] [WorkerVerticle.java:21] Up 1
[2024-04-11 14:43:27.245] [INFO ] [WorkerVerticle.java:21] Up 2
[2024-04-11 14:43:27.245] [INFO ] [WorkerVerticle.java:21] Up 1
[2024-04-11 14:43:32.245] [INFO ] [WorkerVerticle.java:21] Up 2
[2024-04-11 14:43:32.245] [INFO ] [WorkerVerticle.java:21] Up 1
[2024-04-11 14:43:37.245] [INFO ] [WorkerVerticle.java:21] Up 1
[2024-04-11 14:43:37.247] [INFO ] [WorkerVerticle.java:21] Up 2
[2024-04-11 14:43:42.244] [INFO ] [WorkerVerticle.java:21] Up 1
[2024-04-11 14:43:42.245] [INFO ] [WorkerVerticle.java:21] Up 2
[2024-04-11 14:43:47.243] [INFO ] [WorkerVerticle.java:21] Up 1
[2024-04-11 14:43:47.245] [INFO ] [WorkerVerticle.java:21] Up 2
[2024-04-11 14:43:52.246] [INFO ] [WorkerVerticle.java:21] Up 1
[2024-04-11 14:43:52.246] [INFO ] [WorkerVerticle.java:21] Up 2
[2024-04-11 14:43:57.245] [INFO ] [WorkerVerticle.java:21] Up 1
[2024-04-11 14:43:57.246] [INFO ] [WorkerVerticle.java:21] Up 2
[2024-04-11 14:44:02.245] [INFO ] [WorkerVerticle.java:21] Up 1
[2024-04-11 14:44:02.245] [INFO ] [WorkerVerticle.java:21] Up 2
[2024-04-11 14:44:07.244] [INFO ] [WorkerVerticle.java:21] Up 1
[2024-04-11 14:44:07.247] [INFO ] [WorkerVerticle.java:21] Up 2
[2024-04-11 14:44:12.244] [INFO ] [WorkerVerticle.java:21] Up 1
[2024-04-11 14:44:12.244] [INFO ] [WorkerVerticle.java:21] Up 2
[2024-04-11 14:44:17.245] [INFO ] [WorkerVerticle.java:21] Up 1
[2024-04-11 14:44:17.245] [INFO ] [WorkerVerticle.java:21] Up 2
[2024-04-11 14:44:22.245] [INFO ] [WorkerVerticle.java:21] Up 1
[2024-04-11 14:44:22.245] [INFO ] [WorkerVerticle.java:21] Up 2
[2024-04-11 14:44:27.245] [INFO ] [WorkerVerticle.java:21] Up 1
[2024-04-11 14:44:27.247] [INFO ] [WorkerVerticle.java:21] Up 2
[2024-04-11 14:44:32.245] [INFO ] [WorkerVerticle.java:21] Up 1
[2024-04-11 14:44:32.246] [INFO ] [WorkerVerticle.java:21] Up 2
[2024-04-11 14:44:37.245] [INFO ] [WorkerVerticle.java:21] Up 1
[2024-04-11 14:44:37.245] [INFO ] [WorkerVerticle.java:21] Up 2
[2024-04-11 14:44:42.245] [INFO ] [WorkerVerticle.java:21] Up 1
[2024-04-11 14:44:42.245] [INFO ] [WorkerVerticle.java:21] Up 2
[2024-04-11 14:44:47.244] [INFO ] [WorkerVerticle.java:21] Up 1
[2024-04-11 14:44:47.246] [INFO ] [WorkerVerticle.java:21] Up 2
[2024-04-11 14:44:52.244] [INFO ] [WorkerVerticle.java:21] Up 1
[2024-04-11 14:44:52.245] [INFO ] [WorkerVerticle.java:21] Up 2
[2024-04-11 14:44:57.243] [INFO ] [WorkerVerticle.java:21] Up 2
[2024-04-11 14:44:57.244] [INFO ] [WorkerVerticle.java:21] Up 1
[2024-04-11 14:45:02.243] [INFO ] [WorkerVerticle.java:21] Up 1
[2024-04-11 14:45:02.243] [INFO ] [WorkerVerticle.java:21] Up 2
[2024-04-11 14:45:07.245] [INFO ] [WorkerVerticle.java:21] Up 1
[2024-04-11 14:45:07.247] [INFO ] [WorkerVerticle.java:21] Up 2
[2024-04-11 14:45:12.245] [INFO ] [WorkerVerticle.java:21] Up 2
[2024-04-11 14:45:12.245] [INFO ] [WorkerVerticle.java:21] Up 1
[2024-04-11 14:45:17.245] [INFO ] [WorkerVerticle.java:21] Up 1
[2024-04-11 14:45:17.247] [INFO ] [WorkerVerticle.java:21] Up 2
[2024-04-11 14:45:22.244] [INFO ] [WorkerVerticle.java:21] Up 2
[2024-04-11 14:45:22.245] [INFO ] [WorkerVerticle.java:21] Up 1
[2024-04-11 14:45:27.244] [INFO ] [WorkerVerticle.java:21] Up 1
[2024-04-11 14:45:27.244] [INFO ] [WorkerVerticle.java:21] Up 2
[2024-04-11 14:45:32.245] [INFO ] [WorkerVerticle.java:21] Up 1
[2024-04-11 14:45:32.246] [INFO ] [WorkerVerticle.java:21] Up 2
[2024-04-11 14:45:37.244] [INFO ] [WorkerVerticle.java:21] Up 1
[2024-04-11 14:45:37.244] [INFO ] [WorkerVerticle.java:21] Up 2
[2024-04-11 14:45:42.244] [INFO ] [WorkerVerticle.java:21] Up 1
[2024-04-11 14:45:42.257] [INFO ] [WorkerVerticle.java:21] Up 2
[2024-04-11 14:45:47.245] [INFO ] [WorkerVerticle.java:21] Up 2
[2024-04-11 14:45:47.244] [INFO ] [WorkerVerticle.java:21] Up 1
[2024-04-11 14:45:52.244] [INFO ] [WorkerVerticle.java:21] Up 2
[2024-04-11 14:45:52.244] [INFO ] [WorkerVerticle.java:21] Up 1
[2024-04-11 14:45:57.244] [INFO ] [WorkerVerticle.java:21] Up 1
[2024-04-11 14:45:57.246] [INFO ] [WorkerVerticle.java:21] Up 2
[2024-04-11 14:46:02.245] [INFO ] [WorkerVerticle.java:21] Up 1
[2024-04-11 14:46:02.245] [INFO ] [WorkerVerticle.java:21] Up 2
[2024-04-11 14:46:07.244] [INFO ] [WorkerVerticle.java:21] Up 2
[2024-04-11 14:46:07.244] [INFO ] [WorkerVerticle.java:21] Up 1
[2024-04-11 14:46:12.244] [INFO ] [WorkerVerticle.java:21] Up 1
[2024-04-11 14:46:12.245] [INFO ] [WorkerVerticle.java:21] Up 2
[2024-04-11 14:46:17.245] [INFO ] [WorkerVerticle.java:21] Up 2
[2024-04-11 14:46:17.245] [INFO ] [WorkerVerticle.java:21] Up 1
[2024-04-11 14:46:22.244] [INFO ] [WorkerVerticle.java:21] Up 1
[2024-04-11 14:46:22.245] [INFO ] [WorkerVerticle.java:21] Up 2
[2024-04-11 14:46:27.244] [INFO ] [WorkerVerticle.java:21] Up 1
[2024-04-11 14:46:27.247] [INFO ] [WorkerVerticle.java:21] Up 2
[2024-04-11 14:46:32.244] [INFO ] [WorkerVerticle.java:21] Up 1
[2024-04-11 14:46:32.246] [INFO ] [WorkerVerticle.java:21] Up 2
[2024-04-11 14:46:37.244] [INFO ] [WorkerVerticle.java:21] Up 1
[2024-04-11 14:46:37.244] [INFO ] [WorkerVerticle.java:21] Up 2
[2024-04-11 14:46:42.244] [INFO ] [WorkerVerticle.java:21] Up 1
[2024-04-11 14:46:42.245] [INFO ] [WorkerVerticle.java:21] Up 2
[2024-04-11 14:46:47.244] [INFO ] [WorkerVerticle.java:21] Up 1
[2024-04-11 14:46:47.245] [INFO ] [WorkerVerticle.java:21] Up 2
[2024-04-11 14:46:52.244] [INFO ] [WorkerVerticle.java:21] Up 1
[2024-04-11 14:46:52.244] [INFO ] [WorkerVerticle.java:21] Up 2
[2024-04-11 14:46:57.244] [INFO ] [WorkerVerticle.java:21] Up 1
[2024-04-11 14:46:57.244] [INFO ] [WorkerVerticle.java:21] Up 2
[2024-04-11 14:47:02.244] [INFO ] [WorkerVerticle.java:21] Up 1
[2024-04-11 14:47:02.246] [INFO ] [WorkerVerticle.java:21] Up 2
[2024-04-11 14:47:07.244] [INFO ] [WorkerVerticle.java:21] Up 1
[2024-04-11 14:47:07.244] [INFO ] [WorkerVerticle.java:21] Up 2
[2024-04-11 14:47:12.244] [INFO ] [WorkerVerticle.java:21] Up 1
[2024-04-11 14:47:12.244] [INFO ] [WorkerVerticle.java:21] Up 2
[2024-04-11 14:47:17.245] [INFO ] [WorkerVerticle.java:21] Up 2
[2024-04-11 14:47:17.245] [INFO ] [WorkerVerticle.java:21] Up 1
[2024-04-11 14:47:22.245] [INFO ] [WorkerVerticle.java:21] Up 1
[2024-04-11 14:47:22.247] [INFO ] [WorkerVerticle.java:21] Up 2
[2024-04-11 14:47:27.245] [INFO ] [WorkerVerticle.java:21] Up 1
[2024-04-11 14:47:27.245] [INFO ] [WorkerVerticle.java:21] Up 2
[2024-04-11 14:47:32.245] [INFO ] [WorkerVerticle.java:21] Up 1
[2024-04-11 14:47:32.245] [INFO ] [WorkerVerticle.java:21] Up 2
[2024-04-11 14:47:37.245] [INFO ] [WorkerVerticle.java:21] Up 1
[2024-04-11 14:47:37.245] [INFO ] [WorkerVerticle.java:21] Up 2
[2024-04-11 14:47:42.245] [INFO ] [WorkerVerticle.java:21] Up 1
[2024-04-11 14:47:42.245] [INFO ] [WorkerVerticle.java:21] Up 2
[2024-04-11 14:47:47.244] [INFO ] [WorkerVerticle.java:21] Up 2
[2024-04-11 14:47:47.244] [INFO ] [WorkerVerticle.java:21] Up 1
[2024-04-11 14:47:52.244] [INFO ] [WorkerVerticle.java:21] Up 1
[2024-04-11 14:47:52.246] [INFO ] [WorkerVerticle.java:21] Up 2
[2024-04-11 14:47:57.245] [INFO ] [WorkerVerticle.java:21] Up 1
[2024-04-11 14:47:57.245] [INFO ] [WorkerVerticle.java:21] Up 2
[2024-04-11 14:48:02.244] [INFO ] [WorkerVerticle.java:21] Up 2
[2024-04-11 14:48:02.244] [INFO ] [WorkerVerticle.java:21] Up 1
[2024-04-11 14:48:07.244] [INFO ] [WorkerVerticle.java:21] Up 1
[2024-04-11 14:48:07.244] [INFO ] [WorkerVerticle.java:21] Up 2
[2024-04-11 14:48:12.244] [INFO ] [WorkerVerticle.java:21] Up 2
[2024-04-11 14:48:12.244] [INFO ] [WorkerVerticle.java:21] Up 1
[2024-04-11 14:48:17.245] [INFO ] [WorkerVerticle.java:21] Up 2
[2024-04-11 14:48:17.245] [INFO ] [WorkerVerticle.java:21] Up 1
[2024-04-11 14:48:22.244] [INFO ] [WorkerVerticle.java:21] Up 2
[2024-04-11 14:48:22.244] [INFO ] [WorkerVerticle.java:21] Up 1
[2024-04-11 14:48:27.244] [INFO ] [WorkerVerticle.java:21] Up 1
[2024-04-11 14:48:27.247] [INFO ] [WorkerVerticle.java:21] Up 2
[2024-04-11 14:48:32.244] [INFO ] [WorkerVerticle.java:21] Up 1
[2024-04-11 14:48:32.245] [INFO ] [WorkerVerticle.java:21] Up 2
[2024-04-11 14:48:37.245] [INFO ] [WorkerVerticle.java:21] Up 1
[2024-04-11 14:48:37.245] [INFO ] [WorkerVerticle.java:21] Up 2
[2024-04-11 14:48:42.244] [INFO ] [WorkerVerticle.java:21] Up 1
[2024-04-11 14:48:42.244] [INFO ] [WorkerVerticle.java:21] Up 2
[2024-04-11 14:48:47.244] [INFO ] [WorkerVerticle.java:21] Up 1
[2024-04-11 14:48:47.245] [INFO ] [WorkerVerticle.java:21] Up 2
[2024-04-11 14:48:52.244] [INFO ] [WorkerVerticle.java:21] Up 2
[2024-04-11 14:48:52.244] [INFO ] [WorkerVerticle.java:21] Up 1
[2024-04-11 14:48:57.244] [INFO ] [WorkerVerticle.java:21] Up 1
[2024-04-11 14:48:57.246] [INFO ] [WorkerVerticle.java:21] Up 2
[2024-04-11 14:49:02.244] [INFO ] [WorkerVerticle.java:21] Up 2
[2024-04-11 14:49:02.244] [INFO ] [WorkerVerticle.java:21] Up 1
[2024-04-11 14:49:07.244] [INFO ] [WorkerVerticle.java:21] Up 1
[2024-04-11 14:49:07.244] [INFO ] [WorkerVerticle.java:21] Up 2
[2024-04-11 14:49:12.244] [INFO ] [WorkerVerticle.java:21] Up 1
[2024-04-11 14:49:12.245] [INFO ] [WorkerVerticle.java:21] Up 2
[2024-04-11 14:49:24.751] [INFO ] [WorkerVerticle.java:21] Up 1
[2024-04-11 14:49:24.758] [INFO ] [WorkerVerticle.java:21] Up 2
[2024-04-11 15:30:24.840] [INFO ] [Context.java:16] Task executed on context thread
[2024-04-11 15:30:24.847] [INFO ] [Context.java:23] Blocking the task
[2024-04-11 15:30:28.848] [INFO ] [Context.java:32] Blocking Completed
[2024-04-11 18:00:58.442] [INFO ] [Request.java:21] Received request: Dhyani
[2024-04-11 18:00:58.448] [INFO ] [Request.java:25] Sending response Hello, Dhyani!
[2024-04-11 18:00:58.448] [INFO ] [Request.java:21] Received request: Dhyani
[2024-04-11 18:00:58.449] [INFO ] [Request.java:25] Sending response Hello, Dhyani!
[2024-04-11 18:00:58.449] [INFO ] [Response.java:20] Received response Hello, Dhyani!
[2024-04-11 18:00:58.451] [INFO ] [Response.java:20] Received response Hello, Dhyani!
[2024-04-11 18:01:57.542] [INFO ] [Request.java:21] Received request: Dhyani
[2024-04-11 18:01:57.548] [INFO ] [Request.java:25] Sending response Hello, Dhyani!
[2024-04-11 18:01:57.549] [INFO ] [Request.java:21] Received request: Dhyani
[2024-04-11 18:01:57.549] [INFO ] [Request.java:25] Sending response Hello, Dhyani!
[2024-04-11 18:01:57.549] [INFO ] [Response.java:20] Received response Hello, Dhyani!
[2024-04-11 18:01:57.550] [INFO ] [Response.java:20] Received response Hello, Dhyani!
[2024-04-11 18:03:07.466] [INFO ] [Request.java:21] Received request: Dhyani
[2024-04-11 18:03:07.473] [INFO ] [Request.java:25] Sending response Hello, Dhyani!
[2024-04-11 18:03:07.474] [INFO ] [Request.java:21] Received request: Dhyani
[2024-04-11 18:03:07.474] [INFO ] [Request.java:25] Sending response Hello, Dhyani!
[2024-04-11 18:03:07.475] [INFO ] [Response.java:21] Received response Hello, Dhyani!
[2024-04-11 18:03:07.475] [INFO ] [Response.java:21] Received response Hello, Dhyani!
